# JRE version: Java(TM) SE Runtime Environment (7.0_80-b15) (build 1.7.0_80-b15)
# Java VM: Java HotSpot(TM) 64-Bit Server VM (24.80-b11 mixed mode linux-amd64 compressed oops)
Heap
 PSYoungGen      total 137216K, used 16884K [0x00000000eaa80000, 0x00000000f4580000, 0x0000000100000000)
  eden space 120320K, 0% used [0x00000000eaa80000,0x00000000eaa80000,0x00000000f2000000)
  from space 16896K, 99% used [0x00000000f2000000,0x00000000f307d250,0x00000000f3080000)
  to   space 12288K, 0% used [0x00000000f3080000,0x00000000f3080000,0x00000000f3c80000)
 ParOldGen       total 44544K, used 44239K [0x00000000c0000000, 0x00000000c2b80000, 0x00000000eaa80000)
  object space 44544K, 99% used [0x00000000c0000000,0x00000000c2b33e28,0x00000000c2b80000)
 PSPermGen       total 21504K, used 5714K [0x00000000bae00000, 0x00000000bc300000, 0x00000000c0000000)
  object space 21504K, 26% used [0x00000000bae00000,0x00000000bb394930,0x00000000bc300000)
GC Heap History (10 events):
Event: 6.051 GC heap after
Heap after GC invocations=4 (full 0):
 PSYoungGen      total 33792K, used 2040K [0x00000000eaa80000, 0x00000000ecd80000, 0x0000000100000000)
  eden space 31744K, 0% used [0x00000000eaa80000,0x00000000eaa80000,0x00000000ec980000)
  from space 2048K, 99% used [0x00000000ecb80000,0x00000000ecd7e050,0x00000000ecd80000)
  to   space 2048K, 0% used [0x00000000ec980000,0x00000000ec980000,0x00000000ecb80000)
 ParOldGen       total 39424K, used 9432K [0x00000000c0000000, 0x00000000c2680000, 0x00000000eaa80000)
  object space 39424K, 23% used [0x00000000c0000000,0x00000000c09361f0,0x00000000c2680000)
 PSPermGen       total 21504K, used 5559K [0x00000000bae00000, 0x00000000bc300000, 0x00000000c0000000)
  object space 21504K, 25% used [0x00000000bae00000,0x00000000bb36dc08,0x00000000bc300000)
}
Event: 7.832 GC heap before
{Heap before GC invocations=5 (full 0):
 PSYoungGen      total 33792K, used 33784K [0x00000000eaa80000, 0x00000000ecd80000, 0x0000000100000000)
  eden space 31744K, 100% used [0x00000000eaa80000,0x00000000ec980000,0x00000000ec980000)
  from space 2048K, 99% used [0x00000000ecb80000,0x00000000ecd7e050,0x00000000ecd80000)
  to   space 2048K, 0% used [0x00000000ec980000,0x00000000ec980000,0x00000000ecb80000)
 ParOldGen       total 39424K, used 9432K [0x00000000c0000000, 0x00000000c2680000, 0x00000000eaa80000)
  object space 39424K, 23% used [0x00000000c0000000,0x00000000c09361f0,0x00000000c2680000)
 PSPermGen       total 21504K, used 5592K [0x00000000bae00000, 0x00000000bc300000, 0x00000000c0000000)
  object space 21504K, 26% used [0x00000000bae00000,0x00000000bb376350,0x00000000bc300000)
Event: 7.885 GC heap after
Heap after GC invocations=5 (full 0):
 PSYoungGen      total 33792K, used 2026K [0x00000000eaa80000, 0x00000000ef580000, 0x0000000100000000)
  eden space 31744K, 0% used [0x00000000eaa80000,0x00000000eaa80000,0x00000000ec980000)
  from space 2048K, 98% used [0x00000000ec980000,0x00000000ecb7aac8,0x00000000ecb80000)
  to   space 6656K, 0% used [0x00000000eef00000,0x00000000eef00000,0x00000000ef580000)
 ParOldGen       total 39424K, used 14572K [0x00000000c0000000, 0x00000000c2680000, 0x00000000eaa80000)
  object space 39424K, 36% used [0x00000000c0000000,0x00000000c0e3b290,0x00000000c2680000)
 PSPermGen       total 21504K, used 5592K [0x00000000bae00000, 0x00000000bc300000, 0x00000000c0000000)
  object space 21504K, 26% used [0x00000000bae00000,0x00000000bb376350,0x00000000bc300000)
}
Event: 9.374 GC heap before
{Heap before GC invocations=6 (full 0):
 PSYoungGen      total 33792K, used 33770K [0x00000000eaa80000, 0x00000000ef580000, 0x0000000100000000)
  eden space 31744K, 100% used [0x00000000eaa80000,0x00000000ec980000,0x00000000ec980000)
  from space 2048K, 98% used [0x00000000ec980000,0x00000000ecb7aac8,0x00000000ecb80000)
  to   space 6656K, 0% used [0x00000000eef00000,0x00000000eef00000,0x00000000ef580000)
 ParOldGen       total 39424K, used 14572K [0x00000000c0000000, 0x00000000c2680000, 0x00000000eaa80000)
  object space 39424K, 36% used [0x00000000c0000000,0x00000000c0e3b290,0x00000000c2680000)
 PSPermGen       total 21504K, used 5616K [0x00000000bae00000, 0x00000000bc300000, 0x00000000c0000000)
  object space 21504K, 26% used [0x00000000bae00000,0x00000000bb37c080,0x00000000bc300000)
Event: 9.439 GC heap after
Heap after GC invocations=6 (full 0):
 PSYoungGen      total 69120K, used 6496K [0x00000000eaa80000, 0x00000000ef780000, 0x0000000100000000)
  eden space 62464K, 0% used [0x00000000eaa80000,0x00000000eaa80000,0x00000000ee780000)
  from space 6656K, 97% used [0x00000000eef00000,0x00000000ef558178,0x00000000ef580000)
  to   space 7680K, 0% used [0x00000000ee780000,0x00000000ee780000,0x00000000eef00000)
 ParOldGen       total 39424K, used 14572K [0x00000000c0000000, 0x00000000c2680000, 0x00000000eaa80000)
  object space 39424K, 36% used [0x00000000c0000000,0x00000000c0e3b290,0x00000000c2680000)
 PSPermGen       total 21504K, used 5616K [0x00000000bae00000, 0x00000000bc300000, 0x00000000c0000000)
  object space 21504K, 26% used [0x00000000bae00000,0x00000000bb37c080,0x00000000bc300000)
}
Event: 11.545 GC heap before
{Heap before GC invocations=7 (full 0):
 PSYoungGen      total 69120K, used 68960K [0x00000000eaa80000, 0x00000000ef780000, 0x0000000100000000)
  eden space 62464K, 100% used [0x00000000eaa80000,0x00000000ee780000,0x00000000ee780000)
  from space 6656K, 97% used [0x00000000eef00000,0x00000000ef558178,0x00000000ef580000)
  to   space 7680K, 0% used [0x00000000ee780000,0x00000000ee780000,0x00000000eef00000)
 ParOldGen       total 39424K, used 14572K [0x00000000c0000000, 0x00000000c2680000, 0x00000000eaa80000)
  object space 39424K, 36% used [0x00000000c0000000,0x00000000c0e3b290,0x00000000c2680000)
 PSPermGen       total 21504K, used 5639K [0x00000000bae00000, 0x00000000bc300000, 0x00000000c0000000)
  object space 21504K, 26% used [0x00000000bae00000,0x00000000bb381e88,0x00000000bc300000)
Event: 11.700 GC heap after
Heap after GC invocations=7 (full 0):
 PSYoungGen      total 70144K, used 7660K [0x00000000eaa80000, 0x00000000f3c80000, 0x0000000100000000)
  eden space 62464K, 0% used [0x00000000eaa80000,0x00000000eaa80000,0x00000000ee780000)
  from space 7680K, 99% used [0x00000000ee780000,0x00000000eeefb0d0,0x00000000eef00000)
  to   space 12288K, 0% used [0x00000000f3080000,0x00000000f3080000,0x00000000f3c80000)
 ParOldGen       total 39424K, used 22673K [0x00000000c0000000, 0x00000000c2680000, 0x00000000eaa80000)
  object space 39424K, 57% used [0x00000000c0000000,0x00000000c1624728,0x00000000c2680000)
 PSPermGen       total 21504K, used 5639K [0x00000000bae00000, 0x00000000bc300000, 0x00000000c0000000)
  object space 21504K, 26% used [0x00000000bae00000,0x00000000bb381e88,0x00000000bc300000)
}
Event: 12.347 GC heap before
{Heap before GC invocations=8 (full 0):
 PSYoungGen      total 70144K, used 70124K [0x00000000eaa80000, 0x00000000f3c80000, 0x0000000100000000)
  eden space 62464K, 100% used [0x00000000eaa80000,0x00000000ee780000,0x00000000ee780000)
  from space 7680K, 99% used [0x00000000ee780000,0x00000000eeefb0d0,0x00000000eef00000)
  to   space 12288K, 0% used [0x00000000f3080000,0x00000000f3080000,0x00000000f3c80000)
 ParOldGen       total 39424K, used 22673K [0x00000000c0000000, 0x00000000c2680000, 0x00000000eaa80000)
  object space 39424K, 57% used [0x00000000c0000000,0x00000000c1624728,0x00000000c2680000)
 PSPermGen       total 21504K, used 5661K [0x00000000bae00000, 0x00000000bc300000, 0x00000000c0000000)
  object space 21504K, 26% used [0x00000000bae00000,0x00000000bb387698,0x00000000bc300000)
Event: 12.398 GC heap after
Heap after GC invocations=8 (full 0):
 PSYoungGen      total 132608K, used 12261K [0x00000000eaa80000, 0x00000000f4580000, 0x0000000100000000)
  eden space 120320K, 0% used [0x00000000eaa80000,0x00000000eaa80000,0x00000000f2000000)
  from space 12288K, 99% used [0x00000000f3080000,0x00000000f3c79678,0x00000000f3c80000)
  to   space 16896K, 0% used [0x00000000f2000000,0x00000000f2000000,0x00000000f3080000)
 ParOldGen       total 39424K, used 28821K [0x00000000c0000000, 0x00000000c2680000, 0x00000000eaa80000)
  object space 39424K, 73% used [0x00000000c0000000,0x00000000c1c257b8,0x00000000c2680000)
 PSPermGen       total 21504K, used 5661K [0x00000000bae00000, 0x00000000bc300000, 0x00000000c0000000)
  object space 21504K, 26% used [0x00000000bae00000,0x00000000bb387698,0x00000000bc300000)
}
Event: 13.891 GC heap before
{Heap before GC invocations=9 (full 0):
 PSYoungGen      total 132608K, used 132581K [0x00000000eaa80000, 0x00000000f4580000, 0x0000000100000000)
  eden space 120320K, 100% used [0x00000000eaa80000,0x00000000f2000000,0x00000000f2000000)
  from space 12288K, 99% used [0x00000000f3080000,0x00000000f3c79678,0x00000000f3c80000)
  to   space 16896K, 0% used [0x00000000f2000000,0x00000000f2000000,0x00000000f3080000)
 ParOldGen       total 39424K, used 28821K [0x00000000c0000000, 0x00000000c2680000, 0x00000000eaa80000)
  object space 39424K, 73% used [0x00000000c0000000,0x00000000c1c257b8,0x00000000c2680000)
 PSPermGen       total 21504K, used 5714K [0x00000000bae00000, 0x00000000bc300000, 0x00000000c0000000)
  object space 21504K, 26% used [0x00000000bae00000,0x00000000bb394930,0x00000000bc300000)

